
> aframe-360-image-gallery-boilerplate@0.3.0-beta6 start /home/abrar/VR
> budo --live --verbose --port 3000 --open

[0000] info  Server running at http://45.76.184.39:3000/ (connect)
[0001] info  LiveReload running on 35729
[0665] 5ms        1232B GET    200 /components/set-image.js
[0665] 5ms         216B GET    200 /components/update-raycaster.js
[0666] 2ms        3652B GET    200 /img/backpacklogo.png
[0666] 1ms         18KB GET    200 /img/pop1.jpg
[0666] 2ms         20KB GET    200 /img/pop2.jpg
[0666] 3ms         48KB GET    200 /img/pop3.jpg
[0666] 2ms         31KB GET    200 /img/pop4.jpg
[0666] 1ms         46KB GET    200 /img/pop5.jpg
[0667] 1ms         20KB GET    200 /img/pop6.jpg
[0667] 1ms         48KB GET    200 /img/pop7.jpg
[0667] 1ms         20KB GET    200 /img/pop8.jpg
[0667] 1ms         20KB GET    200 /img/pop9.jpg
[0667] 2ms         37KB GET    200 /img/pop10.jpg
[0667] 3ms         29KB GET    200 /img/pop11.jpg
[0667] 4ms         36KB GET    200 /img/pop12.jpg
[0667] 1ms         17KB GET    200 /img/thumb1.jpg
[0668] 2ms         17KB GET    200 /img/thumb2.jpg
[0668] 2ms         20KB GET    200 /img/thumb3.jpg
[0668] 3ms         13KB GET    200 /img/thumb5.jpg
[0668] 4ms         33KB GET    200 /img/thumb4.jpg
[0669] 2ms         25KB GET    200 /img/thumb7.jpg
[0669] 6ms         66KB GET    200 /img/thumb6.jpg
[0669] 1ms         30KB GET    200 /img/thumb10.jpg
[0669] 3ms         34KB GET    200 /img/thumb11.jpg
[0669] 7ms         66KB GET    200 /img/thumb12.jpg
[0669] 6ms         32KB GET    200 /img/thumb8.jpg
[0669] 75ms        66KB GET    200 /img/4.jpg
[0669] 87ms        66KB GET    200 /img/2.jpg
[3875] 2ms           0B GET    304 /components/set-image.js
[3875] 2ms           0B GET    304 /components/update-raycaster.js
[3875] 3ms           0B GET    304 /img/backpacklogo.png
[3875] 1ms           0B GET    304 /img/pop1.jpg
[3875] 0ms           0B GET    304 /img/pop2.jpg
[3875] 1ms           0B GET    304 /img/pop3.jpg
[3875] 1ms           0B GET    304 /img/pop4.jpg
[3875] 1ms           0B GET    304 /img/pop5.jpg
[3875] 1ms           0B GET    304 /img/pop6.jpg
[3875] 1ms           0B GET    304 /img/pop7.jpg
[3876] 0ms           0B GET    304 /img/pop8.jpg
[3876] 1ms           0B GET    304 /img/pop9.jpg
[3876] 2ms           0B GET    304 /img/pop11.jpg
[3876] 5ms           0B GET    304 /img/pop12.jpg
[3876] 1ms           0B GET    304 /img/pop10.jpg
[3876] 0ms           0B GET    304 /img/thumb1.jpg
[3876] 1ms           0B GET    304 /img/thumb2.jpg
[3876] 0ms           0B GET    304 /img/thumb3.jpg
[3876] 1ms           0B GET    304 /img/thumb4.jpg
[3876] 0ms           0B GET    304 /img/thumb5.jpg
[3876] 1ms           0B GET    304 /img/thumb6.jpg
[3876] 1ms           0B GET    304 /img/thumb7.jpg
[3876] 6ms           0B GET    304 /img/thumb8.jpg
[3876] 7ms           0B GET    304 /img/thumb10.jpg
[3876] 8ms           0B GET    304 /img/thumb12.jpg
[3876] 9ms           0B GET    304 /img/thumb11.jpg
[3876] 0ms           0B GET    304 /img/2.jpg
[3876] 0ms           0B GET    304 /img/4.jpg
[5756] 2ms         216B GET    200 /components/update-raycaster.js
[5756] 5ms        1232B GET    200 /components/set-image.js
[5756] 0ms           0B GET    304 /img/backpacklogo.png
[5756] 0ms           0B GET    304 /img/pop1.jpg
[5756] 1ms           0B GET    304 /img/pop2.jpg
[5757] 1ms           0B GET    304 /img/pop3.jpg
[5757] 1ms           0B GET    304 /img/pop4.jpg
[5757] 1ms           0B GET    304 /img/pop5.jpg
[5757] 2ms           0B GET    304 /img/pop6.jpg
[5757] 0ms           0B GET    304 /img/pop8.jpg
[5757] 1ms           0B GET    304 /img/pop9.jpg
[5757] 1ms           0B GET    304 /img/pop7.jpg
[5757] 1ms           0B GET    304 /img/pop10.jpg
[5757] 1ms           0B GET    304 /img/thumb1.jpg
[5757] 2ms           0B GET    304 /img/pop12.jpg
[5757] 2ms           0B GET    304 /img/pop11.jpg
[5757] 4ms           0B GET    304 /img/thumb2.jpg
[5757] 0ms           0B GET    304 /img/thumb4.jpg
[5757] 1ms           0B GET    304 /img/thumb3.jpg
[5757] 1ms           0B GET    304 /img/thumb6.jpg
[5757] 5ms           0B GET    304 /img/thumb7.jpg
[5757] 0ms           0B GET    304 /img/thumb8.jpg
[5757] 1ms           0B GET    304 /img/thumb5.jpg
[5757] 3ms           0B GET    304 /img/thumb11.jpg
[5757] 0ms           0B GET    304 /img/thumb10.jpg
[5757] 0ms           0B GET    304 /img/thumb12.jpg
[5757] 1ms           0B GET    304 /img/2.jpg
[5757] 1ms           0B GET    304 /img/4.jpg
[0532] 2ms        1232B GET    200 /components/set-image.js
[0532] 1ms         216B GET    200 /components/update-raycaster.js
[0532] 1ms           0B GET    304 /img/backpacklogo.png
[0532] 1ms           0B GET    304 /img/pop1.jpg
[0532] 1ms           0B GET    304 /img/pop2.jpg
[0532] 1ms           0B GET    304 /img/pop3.jpg
[0532] 1ms           0B GET    304 /img/pop5.jpg
[0532] 2ms           0B GET    304 /img/pop4.jpg
[0532] 1ms           0B GET    304 /img/pop7.jpg
[0532] 2ms           0B GET    304 /img/pop6.jpg
[0532] 1ms           0B GET    304 /img/pop8.jpg
[0532] 5ms           0B GET    304 /img/pop9.jpg
[0532] 1ms           0B GET    304 /img/pop11.jpg
[0532] 0ms           0B GET    304 /img/pop12.jpg
[0532] 0ms           0B GET    304 /img/thumb1.jpg
[0532] 0ms           0B GET    304 /img/pop10.jpg
[0532] 6ms           0B GET    304 /img/thumb3.jpg
[0532] 7ms           0B GET    304 /img/thumb2.jpg
[0532] 0ms           0B GET    304 /img/thumb4.jpg
[0532] 1ms           0B GET    304 /img/thumb5.jpg
[0532] 0ms           0B GET    304 /img/thumb6.jpg
[0533] 3ms           0B GET    304 /img/thumb7.jpg
[0533] 0ms           0B GET    304 /img/thumb8.jpg
[0533] 1ms           0B GET    304 /img/thumb10.jpg
[0533] 0ms           0B GET    304 /img/2.jpg
[0533] 1ms           0B GET    304 /img/thumb12.jpg
[0533] 0ms           0B GET    304 /img/thumb11.jpg
[0533] 1ms           0B GET    304 /img/4.jpg
[2677] 1ms           0B GET    304 /components/set-image.js
[2677] 1ms           0B GET    304 /components/update-raycaster.js
[2677] 1ms           0B GET    304 /img/backpacklogo.png
[2677] 0ms           0B GET    304 /img/pop2.jpg
[2677] 1ms           0B GET    304 /img/pop1.jpg
[2677] 4ms           0B GET    304 /img/pop8.jpg
[2677] 4ms           0B GET    304 /img/pop7.jpg
[2677] 4ms           0B GET    304 /img/pop3.jpg
[2677] 4ms           0B GET    304 /img/pop6.jpg
[2677] 5ms           0B GET    304 /img/pop4.jpg
[2677] 4ms           0B GET    304 /img/pop5.jpg
[2677] 1ms           0B GET    304 /img/pop10.jpg
[2677] 2ms           0B GET    304 /img/pop9.jpg
[2677] 2ms           0B GET    304 /img/pop12.jpg
[2677] 2ms           0B GET    304 /img/thumb2.jpg
[2677] 4ms           0B GET    304 /img/pop11.jpg
[2677] 3ms           0B GET    304 /img/thumb1.jpg
[2677] 3ms           0B GET    304 /img/thumb3.jpg
[2677] 21ms          0B GET    304 /img/thumb4.jpg
[2677] 22ms          0B GET    304 /img/thumb6.jpg
[2677] 22ms          0B GET    304 /img/thumb5.jpg
[2677] 23ms          0B GET    304 /img/thumb8.jpg
[2677] 23ms          0B GET    304 /img/thumb7.jpg
[2677] 6ms           0B GET    304 /img/thumb10.jpg
[2677] 1ms           0B GET    304 /img/thumb11.jpg
[2677] 1ms           0B GET    304 /img/thumb12.jpg
[2677] 1ms           0B GET    304 /img/4.jpg
[2677] 1ms           0B GET    304 /img/2.jpg
[4631] 2ms        1232B GET    200 /components/set-image.js
[4631] 8ms         216B GET    200 /components/update-raycaster.js
[4631] 2ms        3652B GET    200 /img/backpacklogo.png
[4631] 2ms         18KB GET    200 /img/pop1.jpg
[4631] 1ms         20KB GET    200 /img/pop2.jpg
[4631] 1ms         48KB GET    200 /img/pop3.jpg
[4632] 1ms         31KB GET    200 /img/pop4.jpg
[4632] 1ms         46KB GET    200 /img/pop5.jpg
[4632] 1ms         20KB GET    200 /img/pop6.jpg
[4632] 1ms         48KB GET    200 /img/pop7.jpg
[4632] 0ms         20KB GET    200 /img/pop8.jpg
[4632] 2ms         20KB GET    200 /img/pop9.jpg
[4632] 2ms         37KB GET    200 /img/pop10.jpg
[4632] 1ms         29KB GET    200 /img/pop11.jpg
[4632] 2ms         17KB GET    200 /img/thumb1.jpg
[4632] 3ms         36KB GET    200 /img/pop12.jpg
[4632] 2ms         17KB GET    200 /img/thumb2.jpg
[4632] 1ms         20KB GET    200 /img/thumb3.jpg
[4632] 2ms         33KB GET    200 /img/thumb4.jpg
[4632] 1ms         13KB GET    200 /img/thumb5.jpg
[4633] 66ms        66KB GET    200 /img/thumb6.jpg
[4633] 1ms         25KB GET    200 /img/thumb7.jpg
[4633] 1ms         32KB GET    200 /img/thumb8.jpg
[4633] 1ms         30KB GET    200 /img/thumb10.jpg
[4633] 1ms         34KB GET    200 /img/thumb11.jpg
[4633] 82ms        66KB GET    200 /img/thumb12.jpg
[4633] 609ms       66KB GET    200 /img/2.jpg
[4633] 690ms       66KB GET    200 /img/4.jpg
[4678] 2ms        1232B GET    200 /components/set-image.js
[4678] 1ms         216B GET    200 /components/update-raycaster.js
[4678] 1ms        3652B GET    200 /img/backpacklogo.png
[4678] 1ms         18KB GET    200 /img/pop1.jpg
[4679] 1ms         20KB GET    200 /img/pop2.jpg
[4679] 2ms         48KB GET    200 /img/pop3.jpg
[4679] 1ms         31KB GET    200 /img/pop4.jpg
[4679] 2ms         46KB GET    200 /img/pop5.jpg
[4679] 1ms         20KB GET    200 /img/pop6.jpg
[4679] 1ms         48KB GET    200 /img/pop7.jpg
[4679] 8ms         20KB GET    200 /img/pop8.jpg
[4679] 9ms         20KB GET    200 /img/pop9.jpg
[4679] 12ms        37KB GET    200 /img/pop10.jpg
[4679] 2ms         29KB GET    200 /img/pop11.jpg
[4679] 16ms        36KB GET    200 /img/pop12.jpg
[4679] 1ms         17KB GET    200 /img/thumb1.jpg
[4679] 1ms         17KB GET    200 /img/thumb2.jpg
[4679] 2ms         20KB GET    200 /img/thumb3.jpg
[4679] 1ms         33KB GET    200 /img/thumb4.jpg
[4679] 1ms         13KB GET    200 /img/thumb5.jpg
[4679] 12ms        66KB GET    200 /img/thumb6.jpg
[4679] 14ms        25KB GET    200 /img/thumb7.jpg
[4680] 1ms         32KB GET    200 /img/thumb8.jpg
[4680] 1ms         30KB GET    200 /img/thumb10.jpg
[4680] 1ms         34KB GET    200 /img/thumb11.jpg
[4680] 2ms         66KB GET    200 /img/thumb12.jpg
[4680] 94ms        66KB GET    200 /img/2.jpg
[4680] 95ms        66KB GET    200 /img/4.jpg
[4719] 2ms        1232B GET    200 /components/set-image.js
[4719] 1ms         216B GET    200 /components/update-raycaster.js
[4719] 1ms        3652B GET    200 /img/backpacklogo.png
[4719] 1ms         18KB GET    200 /img/pop1.jpg
[4719] 1ms         20KB GET    200 /img/pop2.jpg
[4720] 2ms         48KB GET    200 /img/pop3.jpg
[4720] 1ms         31KB GET    200 /img/pop4.jpg
[4720] 1ms         46KB GET    200 /img/pop5.jpg
[4720] 1ms         20KB GET    200 /img/pop6.jpg
[4720] 2ms         48KB GET    200 /img/pop7.jpg
[4720] 3ms        1232B GET    200 /components/set-image.js
[4720] 1ms         18KB GET    200 /img/pop1.jpg
[4720] 1ms         216B GET    200 /components/update-raycaster.js
[4720] 20ms        20KB GET    200 /img/pop9.jpg
[4720] 20ms        25KB GET    200 /img/thumb7.jpg
[4720] 20ms        17KB GET    200 /img/thumb2.jpg
[4720] 21ms        46KB GET    200 /img/pop5.jpg
[4720] 20ms        48KB GET    200 /img/pop3.jpg
[4720] 20ms        20KB GET    200 /img/pop2.jpg
[4720] 26ms        32KB GET    200 /img/thumb8.jpg
[4720] 26ms        17KB GET    200 /img/thumb1.jpg
[4720] 26ms        20KB GET    200 /img/pop8.jpg
[4720] 27ms        29KB GET    200 /img/pop11.jpg
[4720] 26ms        36KB GET    200 /img/pop12.jpg
[4720] 26ms        33KB GET    200 /img/thumb4.jpg
[4720] 27ms        20KB GET    200 /img/pop6.jpg
[4720] 27ms        48KB GET    200 /img/pop7.jpg
[4720] 27ms        13KB GET    200 /img/thumb5.jpg
[4720] 28ms        34KB GET    200 /img/thumb11.jpg
[4720] 29ms        30KB GET    200 /img/thumb10.jpg
[4720] 29ms        37KB GET    200 /img/pop10.jpg
[4720] 32ms        31KB GET    200 /img/pop4.jpg
[4720] 44ms        66KB GET    200 /img/thumb6.jpg
[4720] 45ms        66KB GET    200 /img/thumb12.jpg
[4720] 42ms        20KB GET    200 /img/thumb3.jpg
[4720] 24ms        37KB GET    200 /img/pop10.jpg
[4720] 26ms        20KB GET    200 /img/pop9.jpg
[4720] 26ms        20KB GET    200 /img/pop8.jpg
[4720] 28ms        29KB GET    200 /img/pop11.jpg
[4720] 27ms        36KB GET    200 /img/pop12.jpg
[4720] 21ms        17KB GET    200 /img/thumb1.jpg
[4721] 4ms         33KB GET    200 /img/thumb4.jpg
[4721] 5ms         13KB GET    200 /img/thumb5.jpg
[4721] 6ms         20KB GET    200 /img/thumb3.jpg
[4721] 7ms         17KB GET    200 /img/thumb2.jpg
[4721] 7ms         66KB GET    200 /img/thumb6.jpg
[4721] 36ms        25KB GET    200 /img/thumb7.jpg
[4721] 1ms         32KB GET    200 /img/thumb8.jpg
[4721] 1ms         30KB GET    200 /img/thumb10.jpg
[4721] 1ms         34KB GET    200 /img/thumb11.jpg
[4721] 2ms         66KB GET    200 /img/thumb12.jpg
[4721] 43ms        66KB GET    200 /img/4.jpg
[4721] 136ms       66KB GET    200 /img/2.jpg
[4724] 1ms        1232B GET    200 /components/set-image.js
[4724] 2ms         216B GET    200 /components/update-raycaster.js
[4727] 1ms        3652B GET    200 /img/backpacklogo.png
[4727] 1ms         18KB GET    200 /img/pop1.jpg
[4728] 1ms         20KB GET    200 /img/pop2.jpg
[4728] 1ms         48KB GET    200 /img/pop3.jpg
[4728] 2ms         31KB GET    200 /img/pop4.jpg
[4729] 1ms         46KB GET    200 /img/pop5.jpg
[4729] 1ms         20KB GET    200 /img/pop6.jpg
[4729] 0ms         48KB GET    200 /img/pop7.jpg
[4730] 1ms         20KB GET    200 /img/pop8.jpg
[4730] 1ms         20KB GET    200 /img/pop9.jpg
[4730] 1ms         37KB GET    200 /img/pop10.jpg
[4730] 2ms         29KB GET    200 /img/pop11.jpg
[4730] 1ms         36KB GET    200 /img/pop12.jpg
[4730] 1ms         17KB GET    200 /img/thumb1.jpg
[4730] 3ms         17KB GET    200 /img/thumb2.jpg
[4730] 3ms         33KB GET    200 /img/thumb4.jpg
[4730] 3ms         20KB GET    200 /img/thumb3.jpg
[4731] 0ms         13KB GET    200 /img/thumb5.jpg
[4731] 1ms         25KB GET    200 /img/thumb7.jpg
[4731] 3ms         34KB GET    200 /img/thumb11.jpg
[4731] 3ms         32KB GET    200 /img/thumb8.jpg
[4731] 6ms         30KB GET    200 /img/thumb10.jpg
[4731] 340ms       66KB GET    200 /img/thumb6.jpg
[4732] 729ms       66KB GET    200 /img/thumb12.jpg
[4555] 5ms         46KB GET    200 /img/pop5.jpg
[4555] 23ms       1232B GET    200 /components/set-image.js
[4555] 29ms        216B GET    200 /components/update-raycaster.js
[4555] 31ms        20KB GET    200 /img/pop2.jpg
[4555] 31ms        34KB GET    200 /img/thumb11.jpg
[4555] 33ms        18KB GET    200 /img/pop1.jpg
[4555] 30ms        31KB GET    200 /img/pop4.jpg
[4555] 29ms        36KB GET    200 /img/pop12.jpg
[4555] 31ms       3652B GET    200 /img/backpacklogo.png
[4555] 34ms        29KB GET    200 /img/pop11.jpg
[4555] 34ms        37KB GET    200 /img/pop10.jpg
[4555] 34ms        20KB GET    200 /img/pop8.jpg
[4555] 34ms        48KB GET    200 /img/pop7.jpg
[4555] 34ms        20KB GET    200 /img/thumb3.jpg
[4555] 34ms        17KB GET    200 /img/thumb1.jpg
[4555] 35ms        48KB GET    200 /img/pop3.jpg
[4555] 34ms        20KB GET    200 /img/pop9.jpg
[4555] 35ms        17KB GET    200 /img/thumb2.jpg
[4555] 35ms        25KB GET    200 /img/thumb7.jpg
[4555] 35ms        32KB GET    200 /img/thumb8.jpg
[4555] 35ms        33KB GET    200 /img/thumb4.jpg
[4555] 36ms        30KB GET    200 /img/thumb10.jpg
[4555] 36ms        13KB GET    200 /img/thumb5.jpg
[4555] 37ms        20KB GET    200 /img/pop6.jpg
[4555] 45ms        66KB GET    200 /img/thumb12.jpg
[4555] 39ms        66KB GET    200 /img/thumb6.jpg
[4555] 451ms       66KB GET    200 /img/4.jpg
[4555] 466ms       66KB GET    200 /img/2.jpg
[7987] 2ms        1232B GET    200 /components/set-image.js
[7988] 0ms         216B GET    200 /components/update-raycaster.js
[7990] 1ms        3652B GET    200 /img/backpacklogo.png
[7990] 1ms         18KB GET    200 /img/pop1.jpg
[7991] 2ms         20KB GET    200 /img/pop2.jpg
[7991] 2ms         48KB GET    200 /img/pop3.jpg
[7992] 2ms         31KB GET    200 /img/pop4.jpg
[7993] 1ms         46KB GET    200 /img/pop5.jpg
[7993] 1ms         20KB GET    200 /img/pop6.jpg
[7994] 1ms         48KB GET    200 /img/pop7.jpg
[7995] 2ms         20KB GET    200 /img/pop8.jpg
[7996] 1ms         20KB GET    200 /img/pop9.jpg
[7996] 1ms         37KB GET    200 /img/pop10.jpg
[7996] 2ms         29KB GET    200 /img/pop11.jpg
[7996] 2ms         36KB GET    200 /img/pop12.jpg
[7996] 2ms         17KB GET    200 /img/thumb1.jpg
[7996] 3ms         17KB GET    200 /img/thumb2.jpg
[7996] 1ms         20KB GET    200 /img/thumb3.jpg
[7997] 1ms         33KB GET    200 /img/thumb4.jpg
[7998] 3ms         13KB GET    200 /img/thumb5.jpg
[7998] 2ms         25KB GET    200 /img/thumb7.jpg
[7998] 1ms         32KB GET    200 /img/thumb8.jpg
[7998] 1ms         30KB GET    200 /img/thumb10.jpg
[7999] 1ms         34KB GET    200 /img/thumb11.jpg
[7999] 1283ms      66KB GET    200 /img/thumb6.jpg
[8002] 2552ms      66KB GET    200 /img/thumb12.jpg
[8439] 2ms         216B GET    200 /components/update-raycaster.js
[8439] 6ms        1232B GET    200 /components/set-image.js
[8439] 1ms           0B GET    304 /img/backpacklogo.png
[8440] 1ms           0B GET    304 /img/pop1.jpg
[8440] 1ms           0B GET    304 /img/pop2.jpg
[8440] 0ms           0B GET    304 /img/pop3.jpg
[8440] 0ms           0B GET    304 /img/pop4.jpg
[8440] 1ms           0B GET    304 /img/pop5.jpg
[8440] 1ms           0B GET    304 /img/pop6.jpg
[8440] 1ms           0B GET    304 /img/pop7.jpg
[8441] 0ms           0B GET    304 /img/pop9.jpg
[8441] 0ms           0B GET    304 /img/pop10.jpg
[8441] 1ms           0B GET    304 /img/pop12.jpg
[8441] 1ms           0B GET    304 /img/pop8.jpg
[8441] 1ms           0B GET    304 /img/thumb1.jpg
[8441] 1ms           0B GET    304 /img/pop11.jpg
[8441] 1ms           0B GET    304 /img/thumb5.jpg
[8441] 1ms           0B GET    304 /img/thumb3.jpg
[8441] 0ms           0B GET    304 /img/thumb4.jpg
[8441] 1ms           0B GET    304 /img/thumb6.jpg
[8441] 0ms           0B GET    304 /img/thumb2.jpg
[8441] 0ms           0B GET    304 /img/thumb7.jpg
[8441] 0ms           0B GET    304 /img/thumb8.jpg
[8441] 2ms           0B GET    304 /img/thumb10.jpg
[8441] 0ms           0B GET    304 /img/thumb11.jpg
[8441] 1ms           0B GET    304 /img/thumb12.jpg
[8441] 1ms           0B GET    304 /img/2.jpg
[8441] 1ms           0B GET    304 /img/4.jpg
[8456] 3ms        3652B GET    206 /img/backpacklogo.png
[8457] 1ms        3652B GET    200 /img/backpacklogo.png
[8457] 1ms        3652B GET    200 /img/backpacklogo.png
[8537] 1ms        1232B GET    200 /components/set-image.js
[8537] 1ms         216B GET    200 /components/update-raycaster.js
[8537] 40ms       3652B GET    200 /img/backpacklogo.png
[8540] 2ms         20KB GET    200 /img/pop2.jpg
[8540] 1ms         18KB GET    200 /img/pop1.jpg
[8540] 7ms         31KB GET    200 /img/pop4.jpg
[8540] 17ms        46KB GET    200 /img/pop5.jpg
[8540] 1ms         20KB GET    200 /img/pop6.jpg
[8540] 2ms         20KB GET    200 /img/pop8.jpg
[8540] 4ms         48KB GET    200 /img/pop3.jpg
[8540] 1ms         48KB GET    200 /img/pop7.jpg
[8540] 1ms         29KB GET    200 /img/pop11.jpg
[8540] 1ms         20KB GET    200 /img/pop9.jpg
[8541] 1ms         33KB GET    200 /img/thumb4.jpg
[8541] 1ms         17KB GET    200 /img/thumb2.jpg
[8541] 1ms         13KB GET    200 /img/thumb5.jpg
[8541] 1ms         17KB GET    200 /img/thumb1.jpg
[8541] 4ms         20KB GET    200 /img/thumb3.jpg
[8541] 5ms         36KB GET    200 /img/pop12.jpg
[8541] 4ms         37KB GET    200 /img/pop10.jpg
[8542] 2ms         25KB GET    200 /img/thumb7.jpg
[8542] 1ms         32KB GET    200 /img/thumb8.jpg
[8542] 443ms       66KB GET    200 /img/thumb6.jpg
[8542] 1ms        3652B GET    200 /img/backpacklogo.png
[8542] 1ms         30KB GET    200 /img/thumb10.jpg
[8542] 2ms         34KB GET    200 /img/thumb11.jpg
[8543] 839ms       66KB GET    200 /img/thumb12.jpg
[8562] 1ms        3652B GET    200 /img/backpacklogo.png
[8563] 1ms         216B GET    200 /components/update-raycaster.js
[8563] 3ms        1232B GET    200 /components/set-image.js
[8565] 3ms         31KB GET    200 /img/pop4.jpg
[8565] 4ms         18KB GET    200 /img/pop1.jpg
[8565] 1ms         46KB GET    200 /img/pop5.jpg
[8565] 2ms         20KB GET    200 /img/pop6.jpg
[8565] 3ms         48KB GET    200 /img/pop7.jpg
[8565] 3ms         20KB GET    200 /img/pop8.jpg
[8565] 3ms         20KB GET    200 /img/pop9.jpg
[8566] 1ms         48KB GET    200 /img/pop3.jpg
[8566] 1ms         37KB GET    200 /img/pop10.jpg
[8566] 1ms         17KB GET    200 /img/thumb2.jpg
[8566] 7ms         20KB GET    200 /img/pop2.jpg
[8566] 1ms         36KB GET    200 /img/pop12.jpg
[8567] 1ms         17KB GET    200 /img/thumb1.jpg
[8567] 1ms         20KB GET    200 /img/thumb3.jpg
[8567] 2ms         13KB GET    200 /img/thumb5.jpg
[8567] 2ms        3652B GET    200 /img/backpacklogo.png
[8567] 3ms         33KB GET    200 /img/thumb4.jpg
[8567] 4ms         29KB GET    200 /img/pop11.jpg
[8567] 9ms         34KB GET    200 /img/thumb11.jpg
[8567] 3ms         25KB GET    200 /img/thumb7.jpg
[8567] 2ms         30KB GET    200 /img/thumb10.jpg
[8568] 1ms         32KB GET    200 /img/thumb8.jpg
[8568] 3ms         66KB GET    200 /img/thumb6.jpg
[8568] 348ms       66KB GET    200 /img/thumb12.jpg
[8648] 2ms        3652B GET    200 /img/backpacklogo.png
[8658] 2ms        1232B GET    200 /components/set-image.js
[8658] 2ms         216B GET    200 /components/update-raycaster.js
[8660] 1ms        3652B GET    200 /img/backpacklogo.png
[8661] 1ms         18KB GET    200 /img/pop1.jpg
[8662] 1ms         20KB GET    200 /img/pop2.jpg
[8663] 2ms         48KB GET    200 /img/pop3.jpg
[8663] 2ms         31KB GET    200 /img/pop4.jpg
[8663] 1ms         20KB GET    200 /img/pop6.jpg
[8663] 2ms         46KB GET    200 /img/pop5.jpg
[8663] 1ms         48KB GET    200 /img/pop7.jpg
[8663] 1ms         20KB GET    200 /img/pop8.jpg
[8663] 1ms         20KB GET    200 /img/pop9.jpg
[8664] 1ms         37KB GET    200 /img/pop10.jpg
[8664] 1ms         29KB GET    200 /img/pop11.jpg
[8664] 2ms         36KB GET    200 /img/pop12.jpg
[8664] 1ms         17KB GET    200 /img/thumb1.jpg
[8665] 1ms         17KB GET    200 /img/thumb2.jpg
[8665] 2ms         20KB GET    200 /img/thumb3.jpg
[8665] 2ms         33KB GET    200 /img/thumb4.jpg
[8665] 6ms         13KB GET    200 /img/thumb5.jpg
[8666] 2ms         25KB GET    200 /img/thumb7.jpg
[8666] 1ms         32KB GET    200 /img/thumb8.jpg
[8666] 1ms         30KB GET    200 /img/thumb10.jpg
[8666] 723ms       66KB GET    200 /img/thumb6.jpg
[8666] 1ms         34KB GET    200 /img/thumb11.jpg
[8667] 1ms         66KB GET    200 /img/thumb12.jpg
[8681] 13.3s       66KB GET    200 /img/2.jpg
[8683] 15.5s       66KB GET    200 /img/4.jpg
[8770] 3ms        1232B GET    200 /components/set-image.js
[8770] 4ms         216B GET    200 /components/update-raycaster.js
[8770] 1ms        3652B GET    200 /img/backpacklogo.png
[8770] 1ms         18KB GET    200 /img/pop1.jpg
[8771] 1ms         20KB GET    200 /img/pop2.jpg
[8771] 1ms         48KB GET    200 /img/pop3.jpg
[8771] 2ms         31KB GET    200 /img/pop4.jpg
[8771] 2ms         46KB GET    200 /img/pop5.jpg
[8776] 2ms           1B GET    206 /img/pop5.jpg
[8776] 2ms         13KB GET    206 /img/pop5.jpg
[8777] 1ms         20KB GET    200 /img/pop6.jpg
[8777] 3ms         48KB GET    200 /img/pop7.jpg
[8777] 1ms         20KB GET    200 /img/pop8.jpg
[8777] 4ms         20KB GET    200 /img/pop9.jpg
[8777] 3ms         37KB GET    200 /img/pop10.jpg
[8777] 5ms         29KB GET    200 /img/pop11.jpg
[8777] 5ms         36KB GET    200 /img/pop12.jpg
[8777] 1ms         17KB GET    200 /img/thumb1.jpg
[8777] 1ms         17KB GET    200 /img/thumb2.jpg
[8777] 0ms         20KB GET    200 /img/thumb3.jpg
[8778] 1ms         33KB GET    200 /img/thumb4.jpg
[8778] 1ms         13KB GET    200 /img/thumb5.jpg
[8778] 1ms         25KB GET    200 /img/thumb7.jpg
[8778] 2ms         32KB GET    200 /img/thumb8.jpg
[8778] 3ms         30KB GET    200 /img/thumb10.jpg
[8778] 1ms         34KB GET    200 /img/thumb11.jpg
[8779] 619ms       66KB GET    200 /img/thumb6.jpg
[8780] 978ms       66KB GET    200 /img/thumb12.jpg
[8797] 17.9s       66KB GET    200 /img/4.jpg
[8799] 20.2s       66KB GET    200 /img/2.jpg
[0046] 5ms         18KB GET    200 /img/pop1.jpg
[0046] 5ms         48KB GET    200 /img/pop3.jpg
[0046] 5ms         20KB GET    200 /img/pop2.jpg
[0046] 5ms         31KB GET    200 /img/pop4.jpg
[0046] 4ms         46KB GET    200 /img/pop5.jpg
[0046] 2ms         48KB GET    200 /img/pop7.jpg
[0046] 4ms         20KB GET    200 /img/pop6.jpg
[0047] 1ms         36KB GET    200 /img/pop12.jpg
[0047] 1ms         20KB GET    200 /img/pop8.jpg
[0047] 2ms         37KB GET    200 /img/pop10.jpg
[0047] 1ms         29KB GET    200 /img/pop11.jpg
[0047] 1ms         20KB GET    200 /img/pop9.jpg
[0048] 1ms         17KB GET    200 /img/thumb1.jpg
[0048] 0ms         17KB GET    200 /img/thumb2.jpg
[0048] 1ms         20KB GET    200 /img/thumb3.jpg
[0048] 1ms         33KB GET    200 /img/thumb4.jpg
[0048] 1ms         13KB GET    200 /img/thumb5.jpg
[0048] 1ms         25KB GET    200 /img/thumb7.jpg
[0048] 1ms        3652B GET    200 /img/backpacklogo.png
[0048] 237ms       66KB GET    200 /img/thumb6.jpg
[0049] 1ms         32KB GET    200 /img/thumb8.jpg
[0049] 1ms         30KB GET    200 /img/thumb10.jpg
[0049] 1ms         34KB GET    200 /img/thumb11.jpg
[0050] 695ms       66KB GET    200 /img/thumb12.jpg
[2610] 5ms         20KB GET    200 /img/pop2.jpg
[2610] 5ms         18KB GET    200 /img/pop1.jpg
[2610] 5ms         31KB GET    200 /img/pop4.jpg
[2610] 6ms         48KB GET    200 /img/pop3.jpg
[2610] 4ms         216B GET    200 /components/update-raycaster.js
[2610] 5ms        1232B GET    200 /components/set-image.js
[2610] 5ms        3652B GET    200 /img/backpacklogo.png
[2610] 1ms         46KB GET    200 /img/pop5.jpg
[2610] 0ms         20KB GET    200 /img/pop6.jpg
[2610] 1ms         48KB GET    200 /img/pop7.jpg
[2610] 4ms         20KB GET    200 /img/pop8.jpg
[2611] 1ms         20KB GET    200 /img/pop9.jpg
[2611] 2ms         37KB GET    200 /img/pop10.jpg
[2611] 1ms         29KB GET    200 /img/pop11.jpg
[2612] 1ms         36KB GET    200 /img/pop12.jpg
[2612] 1ms         17KB GET    200 /img/thumb1.jpg
[2612] 1ms         17KB GET    200 /img/thumb2.jpg
[2612] 1ms         20KB GET    200 /img/thumb3.jpg
[2613] 1ms         33KB GET    200 /img/thumb4.jpg
[2613] 1ms         13KB GET    200 /img/thumb5.jpg
[2613] 1ms         25KB GET    200 /img/thumb7.jpg
[2614] 1ms         32KB GET    200 /img/thumb8.jpg
[2614] 1ms         30KB GET    200 /img/thumb10.jpg
[2614] 827ms       66KB GET    200 /img/thumb6.jpg
[2614] 2ms         34KB GET    200 /img/thumb11.jpg
[2619] 4128ms      66KB GET    200 /img/thumb12.jpg
[0694] 1ms        1232B GET    200 /components/set-image.js
[0694] 2ms         216B GET    200 /components/update-raycaster.js
[0694] 1ms        3652B GET    200 /img/backpacklogo.png
[0694] 1ms         18KB GET    200 /img/pop1.jpg
[0695] 1ms         20KB GET    200 /img/pop2.jpg
[0695] 2ms         48KB GET    200 /img/pop3.jpg
[0696] 2ms         31KB GET    200 /img/pop4.jpg
[0696] 3ms         20KB GET    200 /img/pop6.jpg
[0696] 1ms         46KB GET    200 /img/pop5.jpg
[0696] 9ms         48KB GET    200 /img/pop7.jpg
[0696] 5ms         20KB GET    200 /img/pop8.jpg
[0696] 4ms         20KB GET    200 /img/pop9.jpg
[0696] 1ms         37KB GET    200 /img/pop10.jpg
[0696] 1ms         29KB GET    200 /img/pop11.jpg
[0697] 2ms         36KB GET    200 /img/pop12.jpg
[0697] 1ms         17KB GET    200 /img/thumb1.jpg
[0697] 3ms         17KB GET    200 /img/thumb2.jpg
[0697] 2ms         20KB GET    200 /img/thumb3.jpg
[0697] 1ms         33KB GET    200 /img/thumb4.jpg
[0697] 1ms         13KB GET    200 /img/thumb5.jpg
[0697] 1ms         25KB GET    200 /img/thumb7.jpg
[0698] 1ms         32KB GET    200 /img/thumb8.jpg
[0698] 2ms         34KB GET    200 /img/thumb11.jpg
[0698] 4ms         30KB GET    200 /img/thumb10.jpg
[0698] 786ms       66KB GET    200 /img/thumb6.jpg
[0698] 777ms       66KB GET    200 /img/thumb12.jpg
[0718] 19.4s       66KB GET    200 /img/4.jpg
[0719] 20.7s       66KB GET    200 /img/2.jpg
[2781] 1ms         216B GET    200 /components/update-raycaster.js
[2781] 1ms        1232B GET    200 /components/set-image.js
[2781] 1ms           0B GET    304 /img/backpacklogo.png
[2781] 1ms           0B GET    304 /img/pop1.jpg
[2781] 1ms           0B GET    304 /img/pop2.jpg
[2781] 1ms           0B GET    304 /img/pop3.jpg
[2782] 0ms           0B GET    304 /img/pop4.jpg
[2782] 1ms           0B GET    304 /img/pop5.jpg
[2782] 0ms           0B GET    304 /img/pop6.jpg
[2782] 0ms           0B GET    304 /img/pop7.jpg
[2782] 1ms           0B GET    304 /img/pop8.jpg
[2782] 1ms           0B GET    304 /img/pop9.jpg
[2782] 0ms           0B GET    304 /img/pop10.jpg
[2782] 1ms           0B GET    304 /img/pop11.jpg
[2783] 1ms           0B GET    304 /img/thumb3.jpg
[2783] 0ms           0B GET    304 /img/thumb1.jpg
[2783] 0ms           0B GET    304 /img/thumb2.jpg
[2783] 0ms           0B GET    304 /img/thumb4.jpg
[2783] 1ms           0B GET    304 /img/pop12.jpg
[2783] 0ms           0B GET    304 /img/thumb5.jpg
[2783] 1ms           0B GET    304 /img/thumb6.jpg
[2783] 0ms           0B GET    304 /img/thumb7.jpg
[2783] 0ms           0B GET    304 /img/thumb8.jpg
[2783] 0ms           0B GET    304 /img/thumb11.jpg
[2783] 0ms           0B GET    304 /img/thumb12.jpg
[2783] 0ms           0B GET    304 /img/thumb10.jpg
[2783] 0ms           0B GET    304 /img/2.jpg
[2783] 0ms           0B GET    304 /img/4.jpg
[8701] 12ms       1232B GET    200 /components/set-image.js
[8701] 14ms        216B GET    200 /components/update-raycaster.js
[8702] 1ms        3652B GET    200 /img/backpacklogo.png
[8702] 1ms         18KB GET    200 /img/pop1.jpg
[8702] 1ms         20KB GET    200 /img/pop2.jpg
[8703] 2ms         48KB GET    200 /img/pop3.jpg
[8703] 1ms         31KB GET    200 /img/pop4.jpg
[8704] 1ms         46KB GET    200 /img/pop5.jpg
[8705] 1ms         20KB GET    200 /img/pop6.jpg
[8705] 1ms         48KB GET    200 /img/pop7.jpg
[8705] 1ms         20KB GET    200 /img/pop8.jpg
[8706] 1ms         20KB GET    200 /img/pop9.jpg
[8706] 1ms         37KB GET    200 /img/pop10.jpg
[8706] 1ms         29KB GET    200 /img/pop11.jpg
[8707] 1ms         36KB GET    200 /img/pop12.jpg
[8707] 2ms         17KB GET    200 /img/thumb1.jpg
[8707] 2ms         17KB GET    200 /img/thumb2.jpg
[8707] 2ms         20KB GET    200 /img/thumb3.jpg
[8707] 1ms         13KB GET    200 /img/thumb5.jpg
[8707] 2ms         33KB GET    200 /img/thumb4.jpg
[8707] 1ms         25KB GET    200 /img/thumb7.jpg
[8708] 1ms         32KB GET    200 /img/thumb8.jpg
[8708] 1ms         30KB GET    200 /img/thumb10.jpg
[8708] 1ms         34KB GET    200 /img/thumb11.jpg
[8708] 629ms       66KB GET    200 /img/thumb6.jpg
[8709] 1399ms      66KB GET    200 /img/thumb12.jpg
[8736] 27.6s       66KB GET    200 /img/4.jpg
[8740] 31.6s       66KB GET    200 /img/2.jpg
[2157] 2ms        1232B GET    200 /components/set-image.js
[2157] 5ms         216B GET    200 /components/update-raycaster.js
[2158] 1ms        3652B GET    200 /img/backpacklogo.png
[2158] 2ms         18KB GET    200 /img/pop1.jpg
[2159] 1ms         20KB GET    200 /img/pop2.jpg
[2159] 2ms         48KB GET    200 /img/pop3.jpg
[2160] 1ms         31KB GET    200 /img/pop4.jpg
[2160] 2ms         46KB GET    200 /img/pop5.jpg
[2160] 2ms         20KB GET    200 /img/pop6.jpg
[2160] 1ms         48KB GET    200 /img/pop7.jpg
[2160] 1ms         20KB GET    200 /img/pop8.jpg
[2160] 2ms         20KB GET    200 /img/pop9.jpg
[2160] 1ms         37KB GET    200 /img/pop10.jpg
[2160] 1ms         29KB GET    200 /img/pop11.jpg
[2160] 1ms         36KB GET    200 /img/pop12.jpg
[2160] 1ms         17KB GET    200 /img/thumb1.jpg
[2160] 2ms         17KB GET    200 /img/thumb2.jpg
[2161] 1ms         20KB GET    200 /img/thumb3.jpg
[2161] 2ms         33KB GET    200 /img/thumb4.jpg
[2161] 0ms         13KB GET    200 /img/thumb5.jpg
[2161] 1ms         25KB GET    200 /img/thumb7.jpg
[2161] 1ms         32KB GET    200 /img/thumb8.jpg
[2161] 2ms         30KB GET    200 /img/thumb10.jpg
[2161] 2ms         34KB GET    200 /img/thumb11.jpg
[2161] 19ms        66KB GET    200 /img/thumb12.jpg
[2162] 1307ms      66KB GET    200 /img/thumb6.jpg
[2181] 19.8s       66KB GET    200 /img/2.jpg
[2182] 20.7s       66KB GET    200 /img/4.jpg
[3201] 5ms        3652B GET    200 /img/backpacklogo.png
[3213] 2ms           0B GET    304 /components/set-image.js
[3213] 4ms         216B GET    200 /components/update-raycaster.js
[3213] 0ms           0B GET    304 /img/backpacklogo.png
[3213] 1ms         18KB GET    200 /img/pop1.jpg
[3213] 4ms         20KB GET    200 /img/pop2.jpg
[3213] 1ms         48KB GET    200 /img/pop3.jpg
[3214] 1ms         31KB GET    200 /img/pop4.jpg
[3214] 1ms         46KB GET    200 /img/pop5.jpg
[3214] 5ms         20KB GET    200 /img/pop6.jpg
[3214] 3ms         48KB GET    200 /img/pop7.jpg
[3214] 4ms         20KB GET    200 /img/pop8.jpg
[3214] 4ms         20KB GET    200 /img/pop9.jpg
[3214] 3ms         37KB GET    200 /img/pop10.jpg
[3214] 0ms         29KB GET    200 /img/pop11.jpg
[3214] 2ms         36KB GET    200 /img/pop12.jpg
[3214] 1ms         17KB GET    200 /img/thumb1.jpg
[3214] 1ms         17KB GET    200 /img/thumb2.jpg
[3215] 0ms         20KB GET    200 /img/thumb3.jpg
[3215] 1ms         33KB GET    200 /img/thumb4.jpg
[3215] 1ms         13KB GET    200 /img/thumb5.jpg
[3215] 2ms         25KB GET    200 /img/thumb7.jpg
[3215] 1ms         32KB GET    200 /img/thumb8.jpg
[3215] 2ms         30KB GET    200 /img/thumb10.jpg
[3215] 2ms         34KB GET    200 /img/thumb11.jpg
[3215] 238ms       66KB GET    200 /img/thumb6.jpg
[3216] 2ms         66KB GET    200 /img/thumb12.jpg
[3232] 15.4s       66KB GET    200 /img/4.jpg
[3238] 21.9s       66KB GET    200 /img/2.jpg
[3943] 5ms        3652B GET    200 /img/backpacklogo.png
[0244] 3ms        3652B GET    200 /img/backpacklogo.png
[0382] 3ms        1232B GET    200 /components/set-image.js
[0382] 4ms         216B GET    200 /components/update-raycaster.js
[0383] 2ms        3652B GET    200 /img/backpacklogo.png
[0383] 1ms         18KB GET    200 /img/pop1.jpg
[0383] 1ms         20KB GET    200 /img/pop2.jpg
[0383] 2ms         48KB GET    200 /img/pop3.jpg
[0384] 2ms         31KB GET    200 /img/pop4.jpg
[0384] 1ms         46KB GET    200 /img/pop5.jpg
[0384] 6ms         20KB GET    200 /img/pop6.jpg
[0384] 3ms         48KB GET    200 /img/pop7.jpg
[0384] 2ms         20KB GET    200 /img/pop8.jpg
[0384] 3ms         20KB GET    200 /img/pop9.jpg
[0384] 3ms         37KB GET    200 /img/pop10.jpg
[0384] 4ms         29KB GET    200 /img/pop11.jpg
[0384] 4ms         36KB GET    200 /img/pop12.jpg
[0385] 2ms         17KB GET    200 /img/thumb1.jpg
[0385] 1ms         17KB GET    200 /img/thumb2.jpg
[0385] 1ms         20KB GET    200 /img/thumb3.jpg
[0385] 1ms         33KB GET    200 /img/thumb4.jpg
[0385] 1ms         13KB GET    200 /img/thumb5.jpg
[0385] 1ms         25KB GET    200 /img/thumb7.jpg
[0385] 6ms         32KB GET    200 /img/thumb8.jpg
[0385] 1ms         30KB GET    200 /img/thumb10.jpg
[0385] 2ms         34KB GET    200 /img/thumb11.jpg
[0387] 1201ms      66KB GET    200 /img/thumb12.jpg
[0387] 2197ms      66KB GET    200 /img/thumb6.jpg
[0404] 17.9s       66KB GET    200 /img/4.jpg
[0406] 19.8s       66KB GET    200 /img/2.jpg
terminate called after throwing an instance of 'std::bad_alloc'
  what():  std::bad_alloc
Aborted

npm ERR! Linux 4.8.0-46-generic
npm ERR! argv "/usr/bin/nodejs" "/usr/bin/npm" "start"
npm ERR! node v6.10.3
npm ERR! npm  v3.10.10
npm ERR! code ELIFECYCLE
npm ERR! aframe-360-image-gallery-boilerplate@0.3.0-beta6 start: `budo --live --verbose --port 3000 --open`
npm ERR! Exit status 134
npm ERR! 
npm ERR! Failed at the aframe-360-image-gallery-boilerplate@0.3.0-beta6 start script 'budo --live --verbose --port 3000 --open'.
npm ERR! Make sure you have the latest version of node.js and npm installed.
npm ERR! If you do, this is most likely a problem with the aframe-360-image-gallery-boilerplate package,
npm ERR! not with npm itself.
npm ERR! Tell the author that this fails on your system:
npm ERR!     budo --live --verbose --port 3000 --open
npm ERR! You can get information on how to open an issue for this project with:
npm ERR!     npm bugs aframe-360-image-gallery-boilerplate
npm ERR! Or if that isn't available, you can get their info via:
npm ERR!     npm owner ls aframe-360-image-gallery-boilerplate
npm ERR! There is likely additional logging output above.
npm WARN Local package.json exists, but node_modules missing, did you mean to install?

npm ERR! Please include the following file with any support request:
npm ERR!     /home/abrar/VR/npm-debug.log
