0 info it worked if it ends with ok
1 verbose cli [ '/usr/bin/nodejs', '/usr/bin/npm', 'start' ]
2 info using npm@3.10.10
3 info using node@v6.10.3
4 verbose run-script [ 'prestart', 'start', 'poststart' ]
5 info lifecycle aframe-360-image-gallery-boilerplate@0.3.0-beta6~prestart: aframe-360-image-gallery-boilerplate@0.3.0-beta6
6 silly lifecycle aframe-360-image-gallery-boilerplate@0.3.0-beta6~prestart: no script for prestart, continuing
7 info lifecycle aframe-360-image-gallery-boilerplate@0.3.0-beta6~start: aframe-360-image-gallery-boilerplate@0.3.0-beta6
8 verbose lifecycle aframe-360-image-gallery-boilerplate@0.3.0-beta6~start: unsafe-perm in lifecycle true
9 verbose lifecycle aframe-360-image-gallery-boilerplate@0.3.0-beta6~start: PATH: /usr/lib/node_modules/npm/bin/node-gyp-bin:/home/abrar/VR/node_modules/.bin:/usr/local/sbin:/usr/local/bin:/usr/sbin:/usr/bin:/sbin:/bin:/usr/games:/usr/local/games:/snap/bin
10 verbose lifecycle aframe-360-image-gallery-boilerplate@0.3.0-beta6~start: CWD: /home/abrar/VR
11 silly lifecycle aframe-360-image-gallery-boilerplate@0.3.0-beta6~start: Args: [ '-c', 'budo --live --verbose --port 3000 --open' ]
12 silly lifecycle aframe-360-image-gallery-boilerplate@0.3.0-beta6~start: Returned: code: 134  signal: null
13 info lifecycle aframe-360-image-gallery-boilerplate@0.3.0-beta6~start: Failed to exec start script
14 verbose stack Error: aframe-360-image-gallery-boilerplate@0.3.0-beta6 start: `budo --live --verbose --port 3000 --open`
14 verbose stack Exit status 134
14 verbose stack     at EventEmitter.<anonymous> (/usr/lib/node_modules/npm/lib/utils/lifecycle.js:255:16)
14 verbose stack     at emitTwo (events.js:106:13)
14 verbose stack     at EventEmitter.emit (events.js:191:7)
14 verbose stack     at ChildProcess.<anonymous> (/usr/lib/node_modules/npm/lib/utils/spawn.js:40:14)
14 verbose stack     at emitTwo (events.js:106:13)
14 verbose stack     at ChildProcess.emit (events.js:191:7)
14 verbose stack     at maybeClose (internal/child_process.js:886:16)
14 verbose stack     at Process.ChildProcess._handle.onexit (internal/child_process.js:226:5)
15 verbose pkgid aframe-360-image-gallery-boilerplate@0.3.0-beta6
16 verbose cwd /home/abrar/VR
17 error Linux 4.8.0-46-generic
18 error argv "/usr/bin/nodejs" "/usr/bin/npm" "start"
19 error node v6.10.3
20 error npm  v3.10.10
21 error code ELIFECYCLE
22 error aframe-360-image-gallery-boilerplate@0.3.0-beta6 start: `budo --live --verbose --port 3000 --open`
22 error Exit status 134
23 error Failed at the aframe-360-image-gallery-boilerplate@0.3.0-beta6 start script 'budo --live --verbose --port 3000 --open'.
23 error Make sure you have the latest version of node.js and npm installed.
23 error If you do, this is most likely a problem with the aframe-360-image-gallery-boilerplate package,
23 error not with npm itself.
23 error Tell the author that this fails on your system:
23 error     budo --live --verbose --port 3000 --open
23 error You can get information on how to open an issue for this project with:
23 error     npm bugs aframe-360-image-gallery-boilerplate
23 error Or if that isn't available, you can get their info via:
23 error     npm owner ls aframe-360-image-gallery-boilerplate
23 error There is likely additional logging output above.
24 verbose exit [ 1, true ]
